# JRE version: Java(TM) SE Runtime Environment (8.0_60-b27) (build 1.8.0_60-b27)
# Java VM: Java HotSpot(TM) 64-Bit Server VM (25.60-b23 mixed mode windows-amd64 compressed oops)
Heap:
 PSYoungGen      total 71680K, used 26529K [0x0000000770580000, 0x0000000775580000, 0x00000007c0000000)
  eden space 61440K, 43% used [0x0000000770580000,0x0000000771f686c0,0x0000000774180000)
  from space 10240K, 0% used [0x0000000774180000,0x0000000774180000,0x0000000774b80000)
  to   space 10240K, 0% used [0x0000000774b80000,0x0000000774b80000,0x0000000775580000)
 ParOldGen       total 115200K, used 670K [0x00000006d1000000, 0x00000006d8080000, 0x0000000770580000)
  object space 115200K, 0% used [0x00000006d1000000,0x00000006d10a7930,0x00000006d8080000)
 Metaspace       used 14376K, capacity 15024K, committed 15232K, reserved 1064960K
  class space    used 2154K, capacity 2333K, committed 2432K, reserved 1048576K
GC Heap History (4 events):
Event: 0.263 GC heap before
{Heap before GC invocations=1 (full 0):
 PSYoungGen      total 71680K, used 6159K [0x0000000770580000, 0x0000000775580000, 0x00000007c0000000)
  eden space 61440K, 10% used [0x0000000770580000,0x0000000770b83d28,0x0000000774180000)
  from space 10240K, 0% used [0x0000000774b80000,0x0000000774b80000,0x0000000775580000)
  to   space 10240K, 0% used [0x0000000774180000,0x0000000774180000,0x0000000774b80000)
 ParOldGen       total 163840K, used 0K [0x00000006d1000000, 0x00000006db000000, 0x0000000770580000)
  object space 163840K, 0% used [0x00000006d1000000,0x00000006d1000000,0x00000006db000000)
 Metaspace       used 4271K, capacity 5188K, committed 5248K, reserved 1060864K
  class space    used 499K, capacity 593K, committed 640K, reserved 1048576K
Event: 0.265 GC heap after
Heap after GC invocations=1 (full 0):
 PSYoungGen      total 71680K, used 768K [0x0000000770580000, 0x0000000775580000, 0x00000007c0000000)
  eden space 61440K, 0% used [0x0000000770580000,0x0000000770580000,0x0000000774180000)
  from space 10240K, 7% used [0x0000000774180000,0x0000000774240020,0x0000000774b80000)
  to   space 10240K, 0% used [0x0000000774b80000,0x0000000774b80000,0x0000000775580000)
 ParOldGen       total 163840K, used 8K [0x00000006d1000000, 0x00000006db000000, 0x0000000770580000)
  object space 163840K, 0% used [0x00000006d1000000,0x00000006d1002000,0x00000006db000000)
 Metaspace       used 4271K, capacity 5188K, committed 5248K, reserved 1060864K
  class space    used 499K, capacity 593K, committed 640K, reserved 1048576K
}
Event: 0.265 GC heap before
{Heap before GC invocations=2 (full 1):
 PSYoungGen      total 71680K, used 768K [0x0000000770580000, 0x0000000775580000, 0x00000007c0000000)
  eden space 61440K, 0% used [0x0000000770580000,0x0000000770580000,0x0000000774180000)
  from space 10240K, 7% used [0x0000000774180000,0x0000000774240020,0x0000000774b80000)
  to   space 10240K, 0% used [0x0000000774b80000,0x0000000774b80000,0x0000000775580000)
 ParOldGen       total 163840K, used 8K [0x00000006d1000000, 0x00000006db000000, 0x0000000770580000)
  object space 163840K, 0% used [0x00000006d1000000,0x00000006d1002000,0x00000006db000000)
 Metaspace       used 4271K, capacity 5188K, committed 5248K, reserved 1060864K
  class space    used 499K, capacity 593K, committed 640K, reserved 1048576K
Event: 0.276 GC heap after
Heap after GC invocations=2 (full 1):
 PSYoungGen      total 71680K, used 0K [0x0000000770580000, 0x0000000775580000, 0x00000007c0000000)
  eden space 61440K, 0% used [0x0000000770580000,0x0000000770580000,0x0000000774180000)
  from space 10240K, 0% used [0x0000000774180000,0x0000000774180000,0x0000000774b80000)
  to   space 10240K, 0% used [0x0000000774b80000,0x0000000774b80000,0x0000000775580000)
 ParOldGen       total 115200K, used 670K [0x00000006d1000000, 0x00000006d8080000, 0x0000000770580000)
  object space 115200K, 0% used [0x00000006d1000000,0x00000006d10a7930,0x00000006d8080000)
 Metaspace       used 4271K, capacity 5188K, committed 5248K, reserved 1058816K
  class space    used 499K, capacity 593K, committed 640K, reserved 1048576K
}

